[debug] [2021-06-01T18:13:19.037Z] ----------------------------------------------------------------------
[debug] [2021-06-01T18:13:19.039Z] Command:       /home/r0k01xr/.nvm/versions/node/v14.15.0/bin/node /home/r0k01xr/.nvm/versions/node/v14.15.0/bin/firebase init
[debug] [2021-06-01T18:13:19.039Z] CLI Version:   9.12.0
[debug] [2021-06-01T18:13:19.039Z] Platform:      linux
[debug] [2021-06-01T18:13:19.039Z] Node Version:  v14.15.0
[debug] [2021-06-01T18:13:19.039Z] Time:          Tue Jun 01 2021 23:43:19 GMT+0530 (India Standard Time)
[debug] [2021-06-01T18:13:19.039Z] ----------------------------------------------------------------------
[debug] 
[debug] [2021-06-01T18:13:19.042Z] > command requires scopes: ["email","openid","https://www.googleapis.com/auth/cloudplatformprojects.readonly","https://www.googleapis.com/auth/firebase","https://www.googleapis.com/auth/cloud-platform"]
[debug] [2021-06-01T18:13:19.042Z] > authorizing via signed-in user (raunakkedia1@gmail.com)
[info] 
     ######## #### ########  ######## ########     ###     ######  ########
     ##        ##  ##     ## ##       ##     ##  ##   ##  ##       ##
     ######    ##  ########  ######   ########  #########  ######  ######
     ##        ##  ##    ##  ##       ##     ## ##     ##       ## ##
     ##       #### ##     ## ######## ########  ##     ##  ######  ########

You're about to initialize a Firebase project in this directory:

  /home/r0k01xr/react_projects/gmail-clone

[info] 
=== Project Setup
[info] 
[info] First, let's associate this project directory with a Firebase project.
[info] You can create multiple project aliases by running firebase use --add, 
[info] but for now we'll just set up a default project.
[info] 
[debug] [2021-06-01T18:13:53.369Z] >>> [apiv2][query] GET https://firebase.googleapis.com/v1beta1/projects pageSize=100
[debug] [2021-06-01T18:13:54.461Z] <<< [apiv2][status] GET https://firebase.googleapis.com/v1beta1/projects 200
[debug] [2021-06-01T18:13:54.461Z] <<< [apiv2][body] GET https://firebase.googleapis.com/v1beta1/projects [omitted]
[info] i  Using project clone-87d54 (gmail-clone) 
[info] 
=== Hosting Setup
[info] 
[info] Your public directory is the folder (relative to your project directory) that
[info] will contain Hosting assets to be uploaded with firebase deploy. If you
[info] have a build process for your assets, use your build's output directory.
[info] 
[debug] [2021-06-01T18:16:15.852Z] >>> [apiv2][query] GET https://www.gstatic.com/firebasejs/releases.json [none]
[debug] [2021-06-01T18:16:16.078Z] <<< [apiv2][status] GET https://www.gstatic.com/firebasejs/releases.json 200
[debug] [2021-06-01T18:16:16.079Z] <<< [apiv2][body] GET https://www.gstatic.com/firebasejs/releases.json {"current":{"version":"8.6.3","browserURL":"https://www.gstatic.com/firebasejs/8.6.3/firebase.js","packageURL":"https://www.gstatic.com/firebasejs/8.6.3/firebase.tgz"},"live":{"version":"8.6","browserURL":"https://www.gstatic.com/firebasejs/live/8.6/firebase.js","packageURL":"https://www.gstatic.com/firebasejs/live/8.6/firebase.tgz"},"components":{"analytics":"https://www.gstatic.com/firebasejs/8.6.3/firebase-analytics.js","app":"https://www.gstatic.com/firebasejs/8.6.3/firebase-app.js","app-check":"https://www.gstatic.com/firebasejs/8.6.3/firebase-app-check.js","auth":"https://www.gstatic.com/firebasejs/8.6.3/firebase-auth.js","database":"https://www.gstatic.com/firebasejs/8.6.3/firebase-database.js","firestore":"https://www.gstatic.com/firebasejs/8.6.3/firebase-firestore.js","functions":"https://www.gstatic.com/firebasejs/8.6.3/firebase-functions.js","installations":"https://www.gstatic.com/firebasejs/8.6.3/firebase-installations.js","messaging":"https://www.gstatic.com/firebasejs/8.6.3/firebase-messaging.js","storage":"https://www.gstatic.com/firebasejs/8.6.3/firebase-storage.js","performance":"https://www.gstatic.com/firebasejs/8.6.3/firebase-performance.js","remote-config":"https://www.gstatic.com/firebasejs/8.6.3/firebase-remote-config.js","firestore.memory":"https://www.gstatic.com/firebasejs/8.6.3/firebase-firestore.memory.js"}}
[info] ✔  Wrote build/index.html 
[info] 
[info] i  Detected a .git folder at /home/r0k01xr/react_projects/gmail-clone 
[info] i  Authorizing with GitHub to upload your service account to a GitHub repository's secrets store. 
[info] 
[info] Visit this URL on this device to log in:
[info] https://github.com/login/oauth/authorize?client_id=89cf50f02ac6aaed3484&state=1056542143&redirect_uri=http%3A%2F%2Flocalhost%3A9005&scope=read%3Auser%20repo%20public_repo
[info] 
[info] Waiting for authentication...
[debug] [2021-06-01T18:16:39.513Z] >>> HTTP REQUEST POST https://github.com/login/oauth/access_token  
 {"client_id":"89cf50f02ac6aaed3484","client_secret":"3330d14abc895d9a74d5f17cd7a00711fa2c5bf0","code":"02e4f891c4aa4b59e896","redirect_uri":"http://localhost:9005","state":"1056542143"}
[debug] [2021-06-01T18:16:39.931Z] <<< HTTP RESPONSE 200 {"server":"GitHub.com","date":"Tue, 01 Jun 2021 18:16:40 GMT","content-type":"application/json; charset=utf-8","transfer-encoding":"chunked","vary":"X-PJAX, Accept-Encoding, Accept, X-Requested-With","permissions-policy":"interest-cohort=()","etag":"W/\"a32bd47e228422995c80f0f8887ac236\"","cache-control":"max-age=0, private, must-revalidate","strict-transport-security":"max-age=31536000; includeSubdomains; preload","x-frame-options":"deny","x-content-type-options":"nosniff","x-xss-protection":"0","referrer-policy":"origin-when-cross-origin, strict-origin-when-cross-origin","expect-ct":"max-age=2592000, report-uri=\"https://api.github.com/_private/browser/errors\"","content-security-policy":"default-src 'none'; base-uri 'self'; block-all-mixed-content; connect-src 'self' uploads.github.com www.githubstatus.com collector.githubapp.com api.github.com github-cloud.s3.amazonaws.com github-production-repository-file-5c1aeb.s3.amazonaws.com github-production-upload-manifest-file-7fdce7.s3.amazonaws.com github-production-user-asset-6210df.s3.amazonaws.com html-translator.herokuapp.com cdn.optimizely.com logx.optimizely.com/v1/events wss://alive.github.com; font-src github.githubassets.com; form-action 'self' github.com gist.github.com; frame-ancestors 'none'; frame-src render.githubusercontent.com; img-src 'self' data: github.githubassets.com identicons.github.com collector.githubapp.com github-cloud.s3.amazonaws.com secured-user-images.githubusercontent.com/ *.githubusercontent.com; manifest-src 'self'; media-src 'none'; script-src github.githubassets.com; style-src 'unsafe-inline' github.githubassets.com; worker-src github.com/socket-worker-3f088aa2.js gist.github.com/socket-worker-3f088aa2.js","x-github-request-id":"CBCC:0C10:C22F5D:D1DE52:60B67988"}
[debug] [2021-06-01T18:16:39.934Z] >>> [apiv2][query] GET https://api.github.com/user [none]
[debug] [2021-06-01T18:16:41.053Z] <<< [apiv2][status] GET https://api.github.com/user 200
[debug] [2021-06-01T18:16:41.053Z] <<< [apiv2][body] GET https://api.github.com/user {"login":"raunak96","id":41728951,"node_id":"MDQ6VXNlcjQxNzI4OTUx","avatar_url":"https://avatars.githubusercontent.com/u/41728951?v=4","gravatar_id":"","url":"https://api.github.com/users/raunak96","html_url":"https://github.com/raunak96","followers_url":"https://api.github.com/users/raunak96/followers","following_url":"https://api.github.com/users/raunak96/following{/other_user}","gists_url":"https://api.github.com/users/raunak96/gists{/gist_id}","starred_url":"https://api.github.com/users/raunak96/starred{/owner}{/repo}","subscriptions_url":"https://api.github.com/users/raunak96/subscriptions","organizations_url":"https://api.github.com/users/raunak96/orgs","repos_url":"https://api.github.com/users/raunak96/repos","events_url":"https://api.github.com/users/raunak96/events{/privacy}","received_events_url":"https://api.github.com/users/raunak96/received_events","type":"User","site_admin":false,"name":"Raunak Kedia","company":"Walmart Global Tech","blog":"","location":"Bangalore,India","email":null,"hireable":null,"bio":"SDE II @walmartlabs | Computer Science and Engineering - Birla Institute Of Technology, Mesra |\r\nLearning something new everyday :) ","twitter_username":null,"public_repos":98,"public_gists":1,"followers":0,"following":6,"created_at":"2018-07-26T08:30:20Z","updated_at":"2021-06-01T18:16:38Z","private_gists":3,"total_private_repos":14,"owned_private_repos":14,"disk_usage":135328,"collaborators":0,"two_factor_authentication":false,"plan":{"name":"free","space":976562499,"collaborators":0,"private_repos":10000}}
[info] 
[info] ✔  Success! Logged into GitHub as raunak96 
[info] 
